INFO main HRMAutomation - URL is opened
INFO main HRMAutomation - Entered Username
INFO main HRMAutomation - Entered Password
INFO main HRMAutomation - Login button pressed
INFO main HRMAutomation - TC1 passed
INFO main HRMAutomation - URL is opened
INFO main HRMAutomation - Entered Username
INFO main HRMAutomation - Entered Password
INFO main HRMAutomation - Login button pressed
INFO main HRMAutomation - TC1 passed
INFO main HRMAutomation - URL is opened
INFO main HRMAutomation - Entered Username
INFO main HRMAutomation - Entered Password
INFO main HRMAutomation - Login button pressed
INFO main HRMAutomation - TC1 passed
INFO main HRMAutomation - URL is opened
INFO main HRMAutomation - Entered Username
INFO main HRMAutomation - Entered Password
INFO main HRMAutomation - Login button pressed
INFO main HRMAutomation - TC1 passed
INFO main HRMAutomation - URL is opened
INFO main HRMAutomation - Entered Username
INFO main HRMAutomation - Entered Password
INFO main HRMAutomation - Login button pressed
INFO main HRMAutomation - TC1 passed
INFO main HRMAutomation - URL is opened
INFO main HRMAutomation - Entered Username
INFO main HRMAutomation - Entered Password
INFO main HRMAutomation - Login button pressed
INFO main HRMAutomation - TC1 passed
